<?xml version="1.0" encoding="UTF-8"?>
<!-- Generated by org.testng.reporters.JUnitXMLReporter -->
<testsuite ignored="0" hostname="WMIN26" failures="1" tests="2" name="EcommerceTest" time="92.631" errors="0" timestamp="2023-02-18T14:48:06 IST">
  <testcase classname="dd.fleetstudio.Tests.EcommerceTest" name="GreenCartE2E" time="19.088">
    <failure type="java.lang.AssertionError" message="expected [true] but found [false]">
      <![CDATA[java.lang.AssertionError: expected [true] but found [false]
at dd.fleetstudio.Tests.EcommerceTest.GreenCartE2E(EcommerceTest.java:29)
at java.base/java.util.ArrayList.forEach(ArrayList.java:1511)
... Removed 29 stack frames]]>
    </failure>
  </testcase> <!-- GreenCartE2E -->
  <testcase classname="dd.fleetstudio.Tests.EcommerceTest" name="GreenCartE2E" time="32.542"/>
</testsuite> <!-- EcommerceTest -->
