<?xml version="1.0" encoding="UTF-8"?>
<testng-results ignored="0" total="1" passed="1" failed="0" skipped="0">
  <reporter-output>
  </reporter-output>
  <suite started-at="2023-02-16T22:08:59 IST" name="Default suite" finished-at="2023-02-16T22:10:25 IST" duration-ms="85537">
    <groups>
    </groups>
    <test started-at="2023-02-16T22:08:59 IST" name="Default test" finished-at="2023-02-16T22:10:25 IST" duration-ms="85537">
      <class name="dd.fleetstudio.Tests.EcommerceTest">
        <test-method is-config="true" signature="launchApplication()[pri:0, instance:dd.fleetstudio.Tests.EcommerceTest@1fa268de]" started-at="2023-02-16T22:08:59 IST" name="launchApplication" finished-at="2023-02-16T22:09:37 IST" duration-ms="37261" status="PASS">
          <reporter-output>
          </reporter-output>
        </test-method> <!-- launchApplication -->
        <test-method signature="GreenCartE2E()[pri:1, instance:dd.fleetstudio.Tests.EcommerceTest@1fa268de]" started-at="2023-02-16T22:09:37 IST" name="GreenCartE2E" finished-at="2023-02-16T22:10:25 IST" duration-ms="47997" status="PASS">
          <reporter-output>
          </reporter-output>
        </test-method> <!-- GreenCartE2E -->
      </class> <!-- dd.fleetstudio.Tests.EcommerceTest -->
    </test> <!-- Default test -->
  </suite> <!-- Default suite -->
</testng-results>
